<?xml version="1.0" encoding="utf-8" ?>
<test-results name="Test Results" total="18" failures="2" not-run="7" date="2015-04-27" time="04:16:05">
 <test-suite name="Activity Test" executed="true" success="true" time="4.419">
  <results>
   <test-case name="should log ticks" executed="true" success="true" time="4.418">
   </test-case>
  </results>
 </test-suite>
 <test-suite name="Suite 1 (Level 1)" executed="true" success="false" time="1.011">
  <results>
   <test-suite name="Suite 2 (Level 2)" executed="true" success="true" time="0.001">
    <results>
     <test-suite name="Suite 3 (Level 3)" executed="true" success="true" time="0">
      <results>
      </results>
     </test-suite>
     <test-case name="Suite 2, Spec 1 (single)" executed="true" success="true" time="0">
     </test-case>
     <test-case name="Suite 2, Spec 2 (final)" executed="false" success="true" time="0">
     </test-case>
    </results>
   </test-suite>
   <test-suite name="Suite 4 (Level 2)" executed="true" success="true" time="0">
    <results>
    </results>
   </test-suite>
   <test-suite name="Suite 5 (Level 2)" executed="true" success="true" time="0.001">
    <results>
     <test-case name="Suite 5, Spec 1 (single)" executed="true" success="true" time="0">
     </test-case>
    </results>
   </test-suite>
   <test-case name="Suite 1, Spec 1" executed="true" success="true" time="0.002">
   </test-case>
   <test-case name="Suite 1, Spec 2" executed="true" success="true" time="0">
   </test-case>
   <test-case name="Suite 1, Spec 3" executed="true" success="false" time="1.006">
    <failure>
     <message><![CDATA[Expected false to equal true.]]></message>
     <stack-trace><![CDATA[Error: Expected false to equal true.
    at stack (/Users/oy/developer/javascript/grunt-jasmine-nodejs/node_modules/jasmine/node_modules/jasmine-core/lib/jasmine-core/jasmine.js:1455:17)
    at buildExpectationResult (/Users/oy/developer/javascript/grunt-jasmine-nodejs/node_modules/jasmine/node_modules/jasmine-core/lib/jasmine-core/jasmine.js:1425:14)
    at Spec.Env.expectationResultFactory (/Users/oy/developer/javascript/grunt-jasmine-nodejs/node_modules/jasmine/node_modules/jasmine-core/lib/jasmine-core/jasmine.js:572:18)
    at Spec.addExpectationResult (/Users/oy/developer/javascript/grunt-jasmine-nodejs/node_modules/jasmine/node_modules/jasmine-core/lib/jasmine-core/jasmine.js:321:34)
    at Expectation.addExpectationResult (/Users/oy/developer/javascript/grunt-jasmine-nodejs/node_modules/jasmine/node_modules/jasmine-core/lib/jasmine-core/jasmine.js:516:21)
    at Expectation.toEqual (/Users/oy/developer/javascript/grunt-jasmine-nodejs/node_modules/jasmine/node_modules/jasmine-core/lib/jasmine-core/jasmine.js:1379:12)
    at Object.<anonymous> (/Users/oy/developer/javascript/grunt-jasmine-nodejs/test/nested.spec.js:16:27)
    at attemptAsync (/Users/oy/developer/javascript/grunt-jasmine-nodejs/node_modules/jasmine/node_modules/jasmine-core/lib/jasmine-core/jasmine.js:1771:24)
    at QueueRunner.run (/Users/oy/developer/javascript/grunt-jasmine-nodejs/node_modules/jasmine/node_modules/jasmine-core/lib/jasmine-core/jasmine.js:1726:9)
    at QueueRunner.execute (/Users/oy/developer/javascript/grunt-jasmine-nodejs/node_modules/jasmine/node_modules/jasmine-core/lib/jasmine-core/jasmine.js:1714:10)]]></stack-trace>
    </failure>
    <failure>
     <message><![CDATA[Expected 1 to equal 2.]]></message>
     <stack-trace><![CDATA[Error: Expected 1 to equal 2.
    at stack (/Users/oy/developer/javascript/grunt-jasmine-nodejs/node_modules/jasmine/node_modules/jasmine-core/lib/jasmine-core/jasmine.js:1455:17)
    at buildExpectationResult (/Users/oy/developer/javascript/grunt-jasmine-nodejs/node_modules/jasmine/node_modules/jasmine-core/lib/jasmine-core/jasmine.js:1425:14)
    at Spec.Env.expectationResultFactory (/Users/oy/developer/javascript/grunt-jasmine-nodejs/node_modules/jasmine/node_modules/jasmine-core/lib/jasmine-core/jasmine.js:572:18)
    at Spec.addExpectationResult (/Users/oy/developer/javascript/grunt-jasmine-nodejs/node_modules/jasmine/node_modules/jasmine-core/lib/jasmine-core/jasmine.js:321:34)
    at Expectation.addExpectationResult (/Users/oy/developer/javascript/grunt-jasmine-nodejs/node_modules/jasmine/node_modules/jasmine-core/lib/jasmine-core/jasmine.js:516:21)
    at Expectation.toEqual (/Users/oy/developer/javascript/grunt-jasmine-nodejs/node_modules/jasmine/node_modules/jasmine-core/lib/jasmine-core/jasmine.js:1379:12)
    at null._onTimeout (/Users/oy/developer/javascript/grunt-jasmine-nodejs/test/nested.spec.js:18:27)
    at Timer.listOnTimeout [as ontimeout] (timers.js:110:15)]]></stack-trace>
    </failure>
   </test-case>
   <test-case name="Suite 1, Spec 4 (final)" executed="false" success="true" time="0">
   </test-case>
  </results>
 </test-suite>
 <test-suite name="Suite 6 (Level 1)" executed="true" success="true" time="0.001">
  <results>
   <test-case name="Suite 6, Spec 1" executed="true" success="true" time="0">
   </test-case>
   <test-case name="Suite 6, Spec 2 (final)" executed="false" success="true" time="0">
   </test-case>
  </results>
 </test-suite>
 <test-suite name="Calculator Suite" executed="true" success="false" time="4.004">
  <results>
   <test-case name="should add numbers" executed="true" success="true" time="0">
   </test-case>
   <test-case name="should execute async spec..." executed="true" success="true" time="4.002">
   </test-case>
   <test-case name="should subtract numbers" executed="true" success="true" time="0">
   </test-case>
   <test-case name="should divide numbers" executed="true" success="false" time="0.001">
    <failure>
     <message><![CDATA[Expected 5 to equal 0.]]></message>
     <stack-trace><![CDATA[Error: Expected 5 to equal 0.
    at stack (/Users/oy/developer/javascript/grunt-jasmine-nodejs/node_modules/jasmine/node_modules/jasmine-core/lib/jasmine-core/jasmine.js:1455:17)
    at buildExpectationResult (/Users/oy/developer/javascript/grunt-jasmine-nodejs/node_modules/jasmine/node_modules/jasmine-core/lib/jasmine-core/jasmine.js:1425:14)
    at Spec.Env.expectationResultFactory (/Users/oy/developer/javascript/grunt-jasmine-nodejs/node_modules/jasmine/node_modules/jasmine-core/lib/jasmine-core/jasmine.js:572:18)
    at Spec.addExpectationResult (/Users/oy/developer/javascript/grunt-jasmine-nodejs/node_modules/jasmine/node_modules/jasmine-core/lib/jasmine-core/jasmine.js:321:34)
    at Expectation.addExpectationResult (/Users/oy/developer/javascript/grunt-jasmine-nodejs/node_modules/jasmine/node_modules/jasmine-core/lib/jasmine-core/jasmine.js:516:21)
    at Expectation.toEqual (/Users/oy/developer/javascript/grunt-jasmine-nodejs/node_modules/jasmine/node_modules/jasmine-core/lib/jasmine-core/jasmine.js:1379:12)
    at Object.<anonymous> (/Users/oy/developer/javascript/grunt-jasmine-nodejs/test/test.spec.js:44:28)
    at attemptSync (/Users/oy/developer/javascript/grunt-jasmine-nodejs/node_modules/jasmine/node_modules/jasmine-core/lib/jasmine-core/jasmine.js:1741:24)
    at QueueRunner.run (/Users/oy/developer/javascript/grunt-jasmine-nodejs/node_modules/jasmine/node_modules/jasmine-core/lib/jasmine-core/jasmine.js:1729:9)
    at QueueRunner.execute (/Users/oy/developer/javascript/grunt-jasmine-nodejs/node_modules/jasmine/node_modules/jasmine-core/lib/jasmine-core/jasmine.js:1714:10)]]></stack-trace>
    </failure>
   </test-case>
   <test-case name="should multiply numbers (final)" executed="false" success="true" time="0">
   </test-case>
  </results>
 </test-suite>
</test-results>